{"uuid":"3fa3e34d-5972-46a9-9489-fc273f7af9d9","name":"\"before each\" hook","children":["8ea09422-3cd1-447b-a69c-33700bbfc7d9"],"befores":[{"status":"failed","statusDetails":{"message":"Timed out retrying after 4000ms: Expected to find element: `[data-test=\"username\"]`, but never found it.","trace":"AssertionError: Timed out retrying after 4000ms: Expected to find element: `[data-test=\"username\"]`, but never found it.\n    at LoginPage.fillUsername (webpack:///./cypress/Pages/loginPage.js:10:7)\n    at eval (webpack:///./cypress/Pages/loginPage.js:27:11)\n    at eval (webpack:///./node_modules/allure-js-commons/dist/cjs/facade.js:108:0)\n    at Context.eval (webpack:///./node_modules/allure-cypress/dist/cjs/index.js:1:16390)\n    at getRet (http://localhost:50033/__cypress/runner/cypress_runner.js:119616:20)\n    at tryCatcher (http://localhost:50033/__cypress/runner/cypress_runner.js:1777:23)\n    at Promise.attempt.Promise.try (http://localhost:50033/__cypress/runner/cypress_runner.js:4285:29)\n    at Context.thenFn (http://localhost:50033/__cypress/runner/cypress_runner.js:119627:66)\n    at Context.then (http://localhost:50033/__cypress/runner/cypress_runner.js:119878:21)"},"stage":"finished","steps":[{"status":"failed","statusDetails":{"message":"Timed out retrying after 4000ms: Expected to find element: `[data-test=\"username\"]`, but never found it.","trace":"AssertionError: Timed out retrying after 4000ms: Expected to find element: `[data-test=\"username\"]`, but never found it.\n    at LoginPage.fillUsername (webpack:///./cypress/Pages/loginPage.js:10:7)\n    at eval (webpack:///./cypress/Pages/loginPage.js:27:11)\n    at eval (webpack:///./node_modules/allure-js-commons/dist/cjs/facade.js:108:0)\n    at Context.eval (webpack:///./node_modules/allure-cypress/dist/cjs/index.js:1:16390)\n    at getRet (http://localhost:50033/__cypress/runner/cypress_runner.js:119616:20)\n    at tryCatcher (http://localhost:50033/__cypress/runner/cypress_runner.js:1777:23)\n    at Promise.attempt.Promise.try (http://localhost:50033/__cypress/runner/cypress_runner.js:4285:29)\n    at Context.thenFn (http://localhost:50033/__cypress/runner/cypress_runner.js:119627:66)\n    at Context.then (http://localhost:50033/__cypress/runner/cypress_runner.js:119878:21)"},"stage":"finished","steps":[{"status":"failed","statusDetails":{"message":"Timed out retrying after 4000ms: Expected to find element: `[data-test=\"username\"]`, but never found it.","trace":"AssertionError: Timed out retrying after 4000ms: Expected to find element: `[data-test=\"username\"]`, but never found it.\n    at LoginPage.fillUsername (webpack:///./cypress/Pages/loginPage.js:10:7)\n    at eval (webpack:///./cypress/Pages/loginPage.js:27:11)\n    at eval (webpack:///./node_modules/allure-js-commons/dist/cjs/facade.js:108:0)\n    at Context.eval (webpack:///./node_modules/allure-cypress/dist/cjs/index.js:1:16390)\n    at getRet (http://localhost:50033/__cypress/runner/cypress_runner.js:119616:20)\n    at tryCatcher (http://localhost:50033/__cypress/runner/cypress_runner.js:1777:23)\n    at Promise.attempt.Promise.try (http://localhost:50033/__cypress/runner/cypress_runner.js:4285:29)\n    at Context.thenFn (http://localhost:50033/__cypress/runner/cypress_runner.js:119627:66)\n    at Context.then (http://localhost:50033/__cypress/runner/cypress_runner.js:119878:21)"},"stage":"finished","steps":[],"attachments":[],"parameters":[{"name":"Selector","value":"[data-test=\"username\"]"},{"name":"Elements","value":"0"}],"start":1749710933557,"name":"get [data-test=\"username\"]","stop":1749710937567}],"attachments":[],"parameters":[],"start":1749710933554,"name":"Enter valid username and password","stop":1749710937567}],"attachments":[],"parameters":[],"start":1749710933538,"name":"\"before each\" hook","stop":1749710937567}],"afters":[]}