{"uid":"9307aa8b85b2daa6","name":"Add Item to Cart from Product Page","fullName":"cypress/e2e/product.cy.js#Product and Cart functionality Add Item to Cart from Product Page","historyId":"aac2371eff00c65e5bfd6fbe5dc5bc7f:d41d8cd98f00b204e9800998ecf8427e","time":{"start":1749710933537,"stop":1749710937591,"duration":4054},"status":"failed","statusMessage":"Timed out retrying after 4000ms: Expected to find element: `[data-test=\"username\"]`, but never found it.","statusTrace":"AssertionError: Timed out retrying after 4000ms: Expected to find element: `[data-test=\"username\"]`, but never found it.\n    at LoginPage.fillUsername (webpack:///./cypress/Pages/loginPage.js:10:7)\n    at eval (webpack:///./cypress/Pages/loginPage.js:27:11)\n    at eval (webpack:///./node_modules/allure-js-commons/dist/cjs/facade.js:108:0)\n    at Context.eval (webpack:///./node_modules/allure-cypress/dist/cjs/index.js:1:16390)\n    at getRet (http://localhost:50033/__cypress/runner/cypress_runner.js:119616:20)\n    at tryCatcher (http://localhost:50033/__cypress/runner/cypress_runner.js:1777:23)\n    at Promise.attempt.Promise.try (http://localhost:50033/__cypress/runner/cypress_runner.js:4285:29)\n    at Context.thenFn (http://localhost:50033/__cypress/runner/cypress_runner.js:119627:66)\n    at Context.then (http://localhost:50033/__cypress/runner/cypress_runner.js:119878:21)","flaky":false,"newFailed":false,"newBroken":false,"newPassed":false,"retriesCount":0,"retriesStatusChange":false,"beforeStages":[{"name":"\"before each\" hook","time":{"start":1749710933538,"stop":1749710937567,"duration":4029},"status":"failed","statusMessage":"Timed out retrying after 4000ms: Expected to find element: `[data-test=\"username\"]`, but never found it.","statusTrace":"AssertionError: Timed out retrying after 4000ms: Expected to find element: `[data-test=\"username\"]`, but never found it.\n    at LoginPage.fillUsername (webpack:///./cypress/Pages/loginPage.js:10:7)\n    at eval (webpack:///./cypress/Pages/loginPage.js:27:11)\n    at eval (webpack:///./node_modules/allure-js-commons/dist/cjs/facade.js:108:0)\n    at Context.eval (webpack:///./node_modules/allure-cypress/dist/cjs/index.js:1:16390)\n    at getRet (http://localhost:50033/__cypress/runner/cypress_runner.js:119616:20)\n    at tryCatcher (http://localhost:50033/__cypress/runner/cypress_runner.js:1777:23)\n    at Promise.attempt.Promise.try (http://localhost:50033/__cypress/runner/cypress_runner.js:4285:29)\n    at Context.thenFn (http://localhost:50033/__cypress/runner/cypress_runner.js:119627:66)\n    at Context.then (http://localhost:50033/__cypress/runner/cypress_runner.js:119878:21)","steps":[{"name":"Enter valid username and password","time":{"start":1749710933554,"stop":1749710937567,"duration":4013},"status":"failed","statusMessage":"Timed out retrying after 4000ms: Expected to find element: `[data-test=\"username\"]`, but never found it.","statusTrace":"AssertionError: Timed out retrying after 4000ms: Expected to find element: `[data-test=\"username\"]`, but never found it.\n    at LoginPage.fillUsername (webpack:///./cypress/Pages/loginPage.js:10:7)\n    at eval (webpack:///./cypress/Pages/loginPage.js:27:11)\n    at eval (webpack:///./node_modules/allure-js-commons/dist/cjs/facade.js:108:0)\n    at Context.eval (webpack:///./node_modules/allure-cypress/dist/cjs/index.js:1:16390)\n    at getRet (http://localhost:50033/__cypress/runner/cypress_runner.js:119616:20)\n    at tryCatcher (http://localhost:50033/__cypress/runner/cypress_runner.js:1777:23)\n    at Promise.attempt.Promise.try (http://localhost:50033/__cypress/runner/cypress_runner.js:4285:29)\n    at Context.thenFn (http://localhost:50033/__cypress/runner/cypress_runner.js:119627:66)\n    at Context.then (http://localhost:50033/__cypress/runner/cypress_runner.js:119878:21)","steps":[{"name":"get [data-test=\"username\"]","time":{"start":1749710933557,"stop":1749710937567,"duration":4010},"status":"failed","statusMessage":"Timed out retrying after 4000ms: Expected to find element: `[data-test=\"username\"]`, but never found it.","statusTrace":"AssertionError: Timed out retrying after 4000ms: Expected to find element: `[data-test=\"username\"]`, but never found it.\n    at LoginPage.fillUsername (webpack:///./cypress/Pages/loginPage.js:10:7)\n    at eval (webpack:///./cypress/Pages/loginPage.js:27:11)\n    at eval (webpack:///./node_modules/allure-js-commons/dist/cjs/facade.js:108:0)\n    at Context.eval (webpack:///./node_modules/allure-cypress/dist/cjs/index.js:1:16390)\n    at getRet (http://localhost:50033/__cypress/runner/cypress_runner.js:119616:20)\n    at tryCatcher (http://localhost:50033/__cypress/runner/cypress_runner.js:1777:23)\n    at Promise.attempt.Promise.try (http://localhost:50033/__cypress/runner/cypress_runner.js:4285:29)\n    at Context.thenFn (http://localhost:50033/__cypress/runner/cypress_runner.js:119627:66)\n    at Context.then (http://localhost:50033/__cypress/runner/cypress_runner.js:119878:21)","steps":[],"attachments":[],"parameters":[{"name":"Selector","value":"[data-test=\"username\"]"},{"name":"Elements","value":"0"}],"hasContent":true,"attachmentsCount":0,"attachmentStep":false,"shouldDisplayMessage":true,"stepsCount":0}],"attachments":[],"parameters":[],"hasContent":true,"attachmentsCount":0,"attachmentStep":false,"shouldDisplayMessage":false,"stepsCount":1}],"attachments":[],"parameters":[],"hasContent":true,"attachmentsCount":0,"attachmentStep":false,"shouldDisplayMessage":false,"stepsCount":2}],"afterStages":[],"labels":[{"name":"language","value":"javascript"},{"name":"framework","value":"cypress"},{"name":"parentSuite","value":"Product and Cart functionality"},{"name":"host","value":"ACER"},{"name":"thread","value":"pid-32208-worker-main"},{"name":"package","value":"cypress.e2e.product.cy.js"},{"name":"resultFormat","value":"allure2"}],"parameters":[],"links":[],"hidden":true,"retry":true,"extra":{"categories":[],"tags":[]},"source":"9307aa8b85b2daa6.json","parameterValues":[]}